c:\users\tinu\desktop\laboratoare\pac\twitterapp\twitter\build\obj\debug\x64\vc142.pdb
c:\users\tinu\desktop\laboratoare\pac\twitterapp\twitter\build\obj\debug\x64\vc142.idb
c:\users\tinu\desktop\laboratoare\pac\twitterapp\twitter\build\obj\debug\x64\main.obj
c:\users\tinu\desktop\laboratoare\pac\twitterapp\twitter\build\obj\debug\x64\button.obj
c:\users\tinu\desktop\laboratoare\pac\twitterapp\twitter\build\obj\debug\x64\textbox.obj
c:\users\tinu\desktop\laboratoare\pac\twitterapp\twitter\build\obj\debug\x64\comment.obj
c:\users\tinu\desktop\laboratoare\pac\twitterapp\twitter\build\obj\debug\x64\like.obj
c:\users\tinu\desktop\laboratoare\pac\twitterapp\twitter\build\obj\debug\x64\lists.obj
c:\users\tinu\desktop\laboratoare\pac\twitterapp\twitter\build\obj\debug\x64\notifications.obj
c:\users\tinu\desktop\laboratoare\pac\twitterapp\twitter\build\obj\debug\x64\post.obj
c:\users\tinu\desktop\laboratoare\pac\twitterapp\twitter\build\obj\debug\x64\twitter.obj
c:\users\tinu\desktop\laboratoare\pac\twitterapp\twitter\build\obj\debug\x64\user.obj
c:\users\tinu\desktop\laboratoare\pac\twitterapp\twitter\build\obj\debug\x64\twitter.ilk
c:\users\tinu\desktop\laboratoare\pac\twitterapp\twitter\build\bin\debug\x64\twitterclient.pdb
c:\users\tinu\desktop\laboratoare\pac\twitterapp\twitter\build\obj\debug\x64\twitterclient.tlog\cl.command.1.tlog
c:\users\tinu\desktop\laboratoare\pac\twitterapp\twitter\build\obj\debug\x64\twitterclient.tlog\cl.read.1.tlog
c:\users\tinu\desktop\laboratoare\pac\twitterapp\twitter\build\obj\debug\x64\twitterclient.tlog\cl.write.1.tlog
c:\users\tinu\desktop\laboratoare\pac\twitterapp\twitter\build\obj\debug\x64\twitterclient.tlog\link-cvtres.read.1.tlog
c:\users\tinu\desktop\laboratoare\pac\twitterapp\twitter\build\obj\debug\x64\twitterclient.tlog\link-cvtres.write.1.tlog
c:\users\tinu\desktop\laboratoare\pac\twitterapp\twitter\build\obj\debug\x64\twitterclient.tlog\link-rc.read.1.tlog
c:\users\tinu\desktop\laboratoare\pac\twitterapp\twitter\build\obj\debug\x64\twitterclient.tlog\link-rc.write.1.tlog
c:\users\tinu\desktop\laboratoare\pac\twitterapp\twitter\build\obj\debug\x64\twitterclient.tlog\link.11912-cvtres.read.1.tlog
c:\users\tinu\desktop\laboratoare\pac\twitterapp\twitter\build\obj\debug\x64\twitterclient.tlog\link.11912-cvtres.write.1.tlog
c:\users\tinu\desktop\laboratoare\pac\twitterapp\twitter\build\obj\debug\x64\twitterclient.tlog\link.11912-rc.read.1.tlog
c:\users\tinu\desktop\laboratoare\pac\twitterapp\twitter\build\obj\debug\x64\twitterclient.tlog\link.11912-rc.write.1.tlog
c:\users\tinu\desktop\laboratoare\pac\twitterapp\twitter\build\obj\debug\x64\twitterclient.tlog\link.11912.read.1.tlog
c:\users\tinu\desktop\laboratoare\pac\twitterapp\twitter\build\obj\debug\x64\twitterclient.tlog\link.11912.write.1.tlog
c:\users\tinu\desktop\laboratoare\pac\twitterapp\twitter\build\obj\debug\x64\twitterclient.tlog\link.command.1.tlog
c:\users\tinu\desktop\laboratoare\pac\twitterapp\twitter\build\obj\debug\x64\twitterclient.tlog\link.read.1.tlog
c:\users\tinu\desktop\laboratoare\pac\twitterapp\twitter\build\obj\debug\x64\twitterclient.tlog\link.write.1.tlog
